mode: set
msu-go-11/7/99_homework/myorm/codegen/main.go:11.28,12.16 1 1
msu-go-11/7/99_homework/myorm/codegen/main.go:12.16,13.13 1 0
msu-go-11/7/99_homework/myorm/codegen/main.go:30.46,33.2 2 1
msu-go-11/7/99_homework/myorm/codegen/main.go:35.34,41.2 5 1
msu-go-11/7/99_homework/myorm/codegen/main.go:43.41,48.2 4 1
msu-go-11/7/99_homework/myorm/codegen/main.go:50.94,53.39 3 1
msu-go-11/7/99_homework/myorm/codegen/main.go:59.2,60.39 2 1
msu-go-11/7/99_homework/myorm/codegen/main.go:66.2,70.39 4 1
msu-go-11/7/99_homework/myorm/codegen/main.go:80.2,83.39 3 1
msu-go-11/7/99_homework/myorm/codegen/main.go:93.2,93.45 1 1
msu-go-11/7/99_homework/myorm/codegen/main.go:53.39,54.20 1 1
msu-go-11/7/99_homework/myorm/codegen/main.go:54.20,57.4 2 1
msu-go-11/7/99_homework/myorm/codegen/main.go:60.39,61.13 1 1
msu-go-11/7/99_homework/myorm/codegen/main.go:64.3,64.23 1 1
msu-go-11/7/99_homework/myorm/codegen/main.go:61.13,63.4 1 1
msu-go-11/7/99_homework/myorm/codegen/main.go:70.39,71.13 1 1
msu-go-11/7/99_homework/myorm/codegen/main.go:74.3,74.20 1 1
msu-go-11/7/99_homework/myorm/codegen/main.go:71.13,73.4 1 1
msu-go-11/7/99_homework/myorm/codegen/main.go:74.20,76.4 1 1
msu-go-11/7/99_homework/myorm/codegen/main.go:76.4,78.4 1 1
msu-go-11/7/99_homework/myorm/codegen/main.go:83.39,84.20 1 1
msu-go-11/7/99_homework/myorm/codegen/main.go:84.20,90.4 5 1
msu-go-11/7/99_homework/myorm/codegen/main.go:96.92,103.39 6 1
msu-go-11/7/99_homework/myorm/codegen/main.go:113.2,118.39 5 1
msu-go-11/7/99_homework/myorm/codegen/main.go:128.2,131.50 4 1
msu-go-11/7/99_homework/myorm/codegen/main.go:103.39,104.25 1 1
msu-go-11/7/99_homework/myorm/codegen/main.go:107.3,107.13 1 1
msu-go-11/7/99_homework/myorm/codegen/main.go:110.3,111.6 2 1
msu-go-11/7/99_homework/myorm/codegen/main.go:104.25,105.12 1 1
msu-go-11/7/99_homework/myorm/codegen/main.go:107.13,109.4 1 1
msu-go-11/7/99_homework/myorm/codegen/main.go:118.39,119.25 1 1
msu-go-11/7/99_homework/myorm/codegen/main.go:122.3,122.13 1 1
msu-go-11/7/99_homework/myorm/codegen/main.go:125.3,126.6 2 1
msu-go-11/7/99_homework/myorm/codegen/main.go:119.25,120.12 1 1
msu-go-11/7/99_homework/myorm/codegen/main.go:122.13,124.4 1 1
msu-go-11/7/99_homework/myorm/codegen/main.go:134.92,140.39 6 1
msu-go-11/7/99_homework/myorm/codegen/main.go:150.2,151.43 2 1
msu-go-11/7/99_homework/myorm/codegen/main.go:157.2,161.39 5 1
msu-go-11/7/99_homework/myorm/codegen/main.go:171.2,178.25 8 1
msu-go-11/7/99_homework/myorm/codegen/main.go:140.39,141.13 1 1
msu-go-11/7/99_homework/myorm/codegen/main.go:144.3,144.25 1 1
msu-go-11/7/99_homework/myorm/codegen/main.go:147.3,148.6 2 1
msu-go-11/7/99_homework/myorm/codegen/main.go:141.13,143.4 1 1
msu-go-11/7/99_homework/myorm/codegen/main.go:144.25,145.12 1 1
msu-go-11/7/99_homework/myorm/codegen/main.go:151.43,152.13 1 1
msu-go-11/7/99_homework/myorm/codegen/main.go:155.3,155.11 1 1
msu-go-11/7/99_homework/myorm/codegen/main.go:152.13,154.4 1 1
msu-go-11/7/99_homework/myorm/codegen/main.go:161.39,162.13 1 1
msu-go-11/7/99_homework/myorm/codegen/main.go:165.3,165.25 1 1
msu-go-11/7/99_homework/myorm/codegen/main.go:168.3,169.6 2 1
msu-go-11/7/99_homework/myorm/codegen/main.go:162.13,164.4 1 1
msu-go-11/7/99_homework/myorm/codegen/main.go:165.25,166.12 1 1
msu-go-11/7/99_homework/myorm/codegen/main.go:181.32,187.39 5 1
msu-go-11/7/99_homework/myorm/codegen/main.go:187.39,189.10 2 1
msu-go-11/7/99_homework/myorm/codegen/main.go:192.3,193.10 2 1
msu-go-11/7/99_homework/myorm/codegen/main.go:196.3,197.10 2 1
msu-go-11/7/99_homework/myorm/codegen/main.go:200.3,203.24 3 1
msu-go-11/7/99_homework/myorm/codegen/main.go:206.3,215.21 7 1
msu-go-11/7/99_homework/myorm/codegen/main.go:219.3,221.48 2 1
msu-go-11/7/99_homework/myorm/codegen/main.go:260.3,264.58 3 1
msu-go-11/7/99_homework/myorm/codegen/main.go:189.10,190.12 1 1
msu-go-11/7/99_homework/myorm/codegen/main.go:193.10,194.12 1 1
msu-go-11/7/99_homework/myorm/codegen/main.go:197.10,198.12 1 1
msu-go-11/7/99_homework/myorm/codegen/main.go:203.24,204.12 1 1
msu-go-11/7/99_homework/myorm/codegen/main.go:215.21,217.4 1 1
msu-go-11/7/99_homework/myorm/codegen/main.go:221.48,228.24 3 1
msu-go-11/7/99_homework/myorm/codegen/main.go:254.4,254.16 1 1
msu-go-11/7/99_homework/myorm/codegen/main.go:228.24,231.27 2 1
msu-go-11/7/99_homework/myorm/codegen/main.go:235.5,236.30 2 1
msu-go-11/7/99_homework/myorm/codegen/main.go:231.27,232.14 1 1
msu-go-11/7/99_homework/myorm/codegen/main.go:236.30,237.17 1 1
msu-go-11/7/99_homework/myorm/codegen/main.go:238.19,239.21 1 1
msu-go-11/7/99_homework/myorm/codegen/main.go:240.22,241.27 1 1
msu-go-11/7/99_homework/myorm/codegen/main.go:242.29,243.19 1 1
msu-go-11/7/99_homework/myorm/codegen/main.go:246.14,248.36 2 1
msu-go-11/7/99_homework/myorm/codegen/main.go:243.19,245.8 1 1
msu-go-11/7/99_homework/myorm/codegen/main.go:248.36,250.8 1 1
msu-go-11/7/99_homework/myorm/codegen/main.go:254.16,256.5 1 1
msu-go-11/7/99_homework/myorm/codegen/main.go:268.13,270.2 1 0
