mode: set
msu-go-11/7/99_homework/myorm/codegen/main.go:11.28,12.16 1 1
msu-go-11/7/99_homework/myorm/codegen/main.go:12.16,13.13 1 0
msu-go-11/7/99_homework/myorm/codegen/main.go:30.46,33.2 2 1
msu-go-11/7/99_homework/myorm/codegen/main.go:35.34,41.2 5 1
msu-go-11/7/99_homework/myorm/codegen/main.go:43.41,48.2 4 1
msu-go-11/7/99_homework/myorm/codegen/main.go:50.94,53.39 3 1
msu-go-11/7/99_homework/myorm/codegen/main.go:59.2,60.39 2 1
msu-go-11/7/99_homework/myorm/codegen/main.go:66.2,70.39 4 1
msu-go-11/7/99_homework/myorm/codegen/main.go:80.2,83.39 3 1
msu-go-11/7/99_homework/myorm/codegen/main.go:93.2,93.45 1 1
msu-go-11/7/99_homework/myorm/codegen/main.go:53.39,54.20 1 1
msu-go-11/7/99_homework/myorm/codegen/main.go:54.20,57.4 2 1
msu-go-11/7/99_homework/myorm/codegen/main.go:60.39,61.13 1 1
msu-go-11/7/99_homework/myorm/codegen/main.go:64.3,64.23 1 1
msu-go-11/7/99_homework/myorm/codegen/main.go:61.13,63.4 1 1
msu-go-11/7/99_homework/myorm/codegen/main.go:70.39,71.13 1 1
msu-go-11/7/99_homework/myorm/codegen/main.go:74.3,74.20 1 1
msu-go-11/7/99_homework/myorm/codegen/main.go:71.13,73.4 1 1
msu-go-11/7/99_homework/myorm/codegen/main.go:74.20,76.4 1 1
msu-go-11/7/99_homework/myorm/codegen/main.go:76.4,78.4 1 1
msu-go-11/7/99_homework/myorm/codegen/main.go:83.39,84.20 1 1
msu-go-11/7/99_homework/myorm/codegen/main.go:84.20,90.4 5 1
msu-go-11/7/99_homework/myorm/codegen/main.go:96.92,100.39 3 1
msu-go-11/7/99_homework/myorm/codegen/main.go:113.2,117.39 4 1
msu-go-11/7/99_homework/myorm/codegen/main.go:127.2,132.39 5 1
msu-go-11/7/99_homework/myorm/codegen/main.go:146.2,149.50 4 1
msu-go-11/7/99_homework/myorm/codegen/main.go:100.39,101.20 1 1
msu-go-11/7/99_homework/myorm/codegen/main.go:101.20,110.4 8 1
msu-go-11/7/99_homework/myorm/codegen/main.go:117.39,118.25 1 1
msu-go-11/7/99_homework/myorm/codegen/main.go:121.3,121.13 1 1
msu-go-11/7/99_homework/myorm/codegen/main.go:124.3,125.6 2 1
msu-go-11/7/99_homework/myorm/codegen/main.go:118.25,119.12 1 1
msu-go-11/7/99_homework/myorm/codegen/main.go:121.13,123.4 1 1
msu-go-11/7/99_homework/myorm/codegen/main.go:132.39,133.25 1 1
msu-go-11/7/99_homework/myorm/codegen/main.go:136.3,136.13 1 1
msu-go-11/7/99_homework/myorm/codegen/main.go:139.3,139.20 1 1
msu-go-11/7/99_homework/myorm/codegen/main.go:144.3,144.6 1 1
msu-go-11/7/99_homework/myorm/codegen/main.go:133.25,134.12 1 1
msu-go-11/7/99_homework/myorm/codegen/main.go:136.13,138.4 1 1
msu-go-11/7/99_homework/myorm/codegen/main.go:139.20,141.4 1 1
msu-go-11/7/99_homework/myorm/codegen/main.go:141.4,143.4 1 1
msu-go-11/7/99_homework/myorm/codegen/main.go:152.92,156.39 3 1
msu-go-11/7/99_homework/myorm/codegen/main.go:169.2,172.39 4 1
msu-go-11/7/99_homework/myorm/codegen/main.go:182.2,183.43 2 1
msu-go-11/7/99_homework/myorm/codegen/main.go:189.2,193.39 5 1
msu-go-11/7/99_homework/myorm/codegen/main.go:207.2,214.25 8 1
msu-go-11/7/99_homework/myorm/codegen/main.go:156.39,157.20 1 1
msu-go-11/7/99_homework/myorm/codegen/main.go:157.20,166.4 8 1
msu-go-11/7/99_homework/myorm/codegen/main.go:172.39,173.13 1 1
msu-go-11/7/99_homework/myorm/codegen/main.go:176.3,176.25 1 1
msu-go-11/7/99_homework/myorm/codegen/main.go:179.3,180.6 2 1
msu-go-11/7/99_homework/myorm/codegen/main.go:173.13,175.4 1 1
msu-go-11/7/99_homework/myorm/codegen/main.go:176.25,177.12 1 1
msu-go-11/7/99_homework/myorm/codegen/main.go:183.43,184.13 1 1
msu-go-11/7/99_homework/myorm/codegen/main.go:187.3,187.11 1 1
msu-go-11/7/99_homework/myorm/codegen/main.go:184.13,186.4 1 1
msu-go-11/7/99_homework/myorm/codegen/main.go:193.39,194.13 1 1
msu-go-11/7/99_homework/myorm/codegen/main.go:197.3,197.25 1 1
msu-go-11/7/99_homework/myorm/codegen/main.go:200.3,200.20 1 1
msu-go-11/7/99_homework/myorm/codegen/main.go:205.3,205.6 1 1
msu-go-11/7/99_homework/myorm/codegen/main.go:194.13,196.4 1 1
msu-go-11/7/99_homework/myorm/codegen/main.go:197.25,198.12 1 1
msu-go-11/7/99_homework/myorm/codegen/main.go:200.20,202.4 1 1
msu-go-11/7/99_homework/myorm/codegen/main.go:202.4,204.4 1 1
msu-go-11/7/99_homework/myorm/codegen/main.go:217.32,223.39 5 1
msu-go-11/7/99_homework/myorm/codegen/main.go:223.39,225.10 2 1
msu-go-11/7/99_homework/myorm/codegen/main.go:228.3,229.10 2 1
msu-go-11/7/99_homework/myorm/codegen/main.go:232.3,233.10 2 1
msu-go-11/7/99_homework/myorm/codegen/main.go:236.3,239.24 3 1
msu-go-11/7/99_homework/myorm/codegen/main.go:242.3,251.21 7 1
msu-go-11/7/99_homework/myorm/codegen/main.go:255.3,257.48 2 1
msu-go-11/7/99_homework/myorm/codegen/main.go:296.3,300.58 3 1
msu-go-11/7/99_homework/myorm/codegen/main.go:225.10,226.12 1 1
msu-go-11/7/99_homework/myorm/codegen/main.go:229.10,230.12 1 1
msu-go-11/7/99_homework/myorm/codegen/main.go:233.10,234.12 1 1
msu-go-11/7/99_homework/myorm/codegen/main.go:239.24,240.12 1 1
msu-go-11/7/99_homework/myorm/codegen/main.go:251.21,253.4 1 1
msu-go-11/7/99_homework/myorm/codegen/main.go:257.48,264.24 3 1
msu-go-11/7/99_homework/myorm/codegen/main.go:290.4,290.16 1 1
msu-go-11/7/99_homework/myorm/codegen/main.go:264.24,267.27 2 1
msu-go-11/7/99_homework/myorm/codegen/main.go:271.5,272.30 2 1
msu-go-11/7/99_homework/myorm/codegen/main.go:267.27,268.14 1 1
msu-go-11/7/99_homework/myorm/codegen/main.go:272.30,273.17 1 1
msu-go-11/7/99_homework/myorm/codegen/main.go:274.19,275.21 1 1
msu-go-11/7/99_homework/myorm/codegen/main.go:276.22,277.27 1 1
msu-go-11/7/99_homework/myorm/codegen/main.go:278.29,279.19 1 1
msu-go-11/7/99_homework/myorm/codegen/main.go:282.14,284.36 2 1
msu-go-11/7/99_homework/myorm/codegen/main.go:279.19,281.8 1 1
msu-go-11/7/99_homework/myorm/codegen/main.go:284.36,286.8 1 1
msu-go-11/7/99_homework/myorm/codegen/main.go:290.16,292.5 1 1
msu-go-11/7/99_homework/myorm/codegen/main.go:304.13,306.2 1 0
